<?xml version="1.0" encoding="UTF-8"?>
<!-- Generated by org.testng.reporters.JUnitReportReporter -->
<testsuite skipped="0" hostname="DESKTOP-0MLL92R" name="com.crm.qa.tests.temptest" tests="1" failures="0" timestamp="11 May 2019 22:17:48 GMT" time="0.017" errors="0">
  <testcase name="testInfo" time="0.017" classname="com.crm.qa.tests.temptest"/>
</testsuite> <!-- com.crm.qa.tests.temptest -->
